  Brick.cpp
  Floor.cpp
  Game.cpp
C:\Users\Tahsin\Desktop\ehb354_project\Mario_V3\Mario\Game.cpp(378,13): warning C4101: 'other': unreferenced local variable
  GameOver.cpp
  Main.cpp
  Mario.cpp
  Object.cpp
  Pipe.cpp
  ScoreBoard.cpp
  Spipe.cpp
  Turtle.cpp
  Generating Code...
C:\Users\Tahsin\Desktop\ehb354_project\Mario_V3\Mario\Game.cpp(272): warning C4715: 'Game::onFloor': not all control paths return a value
C:\Users\Tahsin\Desktop\ehb354_project\Mario_V3\Mario\Game.cpp(391): warning C4715: 'Game::handleObjecthit': not all control paths return a value
Turtle.obj : error LNK2001: unresolved external symbol "public: virtual __cdecl sf::Transformable::~Transformable(void)" (??1Transformable@sf@@UEAA@XZ)
Mario.obj : error LNK2001: unresolved external symbol "public: virtual __cdecl sf::Transformable::~Transformable(void)" (??1Transformable@sf@@UEAA@XZ)
Pipe.obj : error LNK2001: unresolved external symbol "public: virtual __cdecl sf::Transformable::~Transformable(void)" (??1Transformable@sf@@UEAA@XZ)
ScoreBoard.obj : error LNK2001: unresolved external symbol "public: virtual __cdecl sf::Transformable::~Transformable(void)" (??1Transformable@sf@@UEAA@XZ)
Spipe.obj : error LNK2001: unresolved external symbol "public: virtual __cdecl sf::Transformable::~Transformable(void)" (??1Transformable@sf@@UEAA@XZ)
Brick.obj : error LNK2001: unresolved external symbol "public: virtual __cdecl sf::Transformable::~Transformable(void)" (??1Transformable@sf@@UEAA@XZ)
Floor.obj : error LNK2001: unresolved external symbol "public: virtual __cdecl sf::Transformable::~Transformable(void)" (??1Transformable@sf@@UEAA@XZ)
Game.obj : error LNK2001: unresolved external symbol "public: virtual __cdecl sf::Transformable::~Transformable(void)" (??1Transformable@sf@@UEAA@XZ)
GameOver.obj : error LNK2001: unresolved external symbol "public: virtual __cdecl sf::Transformable::~Transformable(void)" (??1Transformable@sf@@UEAA@XZ)
Pipe.obj : error LNK2019: unresolved external symbol "public: __cdecl sf::Texture::Texture(void)" (??0Texture@sf@@QEAA@XZ) referenced in function "public: __cdecl Object::Object(void)" (??0Object@@QEAA@XZ)
Spipe.obj : error LNK2001: unresolved external symbol "public: __cdecl sf::Texture::Texture(void)" (??0Texture@sf@@QEAA@XZ)
Turtle.obj : error LNK2001: unresolved external symbol "public: __cdecl sf::Texture::Texture(void)" (??0Texture@sf@@QEAA@XZ)
Brick.obj : error LNK2001: unresolved external symbol "public: __cdecl sf::Texture::Texture(void)" (??0Texture@sf@@QEAA@XZ)
Floor.obj : error LNK2001: unresolved external symbol "public: __cdecl sf::Texture::Texture(void)" (??0Texture@sf@@QEAA@XZ)
Game.obj : error LNK2001: unresolved external symbol "public: __cdecl sf::Texture::Texture(void)" (??0Texture@sf@@QEAA@XZ)
Mario.obj : error LNK2001: unresolved external symbol "public: __cdecl sf::Texture::Texture(void)" (??0Texture@sf@@QEAA@XZ)
Pipe.obj : error LNK2019: unresolved external symbol "public: __cdecl sf::Texture::~Texture(void)" (??1Texture@sf@@QEAA@XZ) referenced in function "public: __cdecl Object::Object(void)" (??0Object@@QEAA@XZ)
Spipe.obj : error LNK2001: unresolved external symbol "public: __cdecl sf::Texture::~Texture(void)" (??1Texture@sf@@QEAA@XZ)
Turtle.obj : error LNK2001: unresolved external symbol "public: __cdecl sf::Texture::~Texture(void)" (??1Texture@sf@@QEAA@XZ)
Brick.obj : error LNK2001: unresolved external symbol "public: __cdecl sf::Texture::~Texture(void)" (??1Texture@sf@@QEAA@XZ)
Floor.obj : error LNK2001: unresolved external symbol "public: __cdecl sf::Texture::~Texture(void)" (??1Texture@sf@@QEAA@XZ)
Game.obj : error LNK2001: unresolved external symbol "public: __cdecl sf::Texture::~Texture(void)" (??1Texture@sf@@QEAA@XZ)
Mario.obj : error LNK2001: unresolved external symbol "public: __cdecl sf::Texture::~Texture(void)" (??1Texture@sf@@QEAA@XZ)
Spipe.obj : error LNK2019: unresolved external symbol "public: bool __cdecl sf::Texture::loadFromFile(class std::basic_string<char,struct std::char_traits<char>,class std::allocator<char> > const &,class sf::Rect<int> const &)" (?loadFromFile@Texture@sf@@QEAA_NAEBV?$basic_string@DU?$char_traits@D@std@@V?$allocator@D@2@@std@@AEBV?$Rect@H@2@@Z) referenced in function "public: __cdecl Spipe::Spipe(void)" (??0Spipe@@QEAA@XZ)
Turtle.obj : error LNK2001: unresolved external symbol "public: bool __cdecl sf::Texture::loadFromFile(class std::basic_string<char,struct std::char_traits<char>,class std::allocator<char> > const &,class sf::Rect<int> const &)" (?loadFromFile@Texture@sf@@QEAA_NAEBV?$basic_string@DU?$char_traits@D@std@@V?$allocator@D@2@@std@@AEBV?$Rect@H@2@@Z)
Brick.obj : error LNK2001: unresolved external symbol "public: bool __cdecl sf::Texture::loadFromFile(class std::basic_string<char,struct std::char_traits<char>,class std::allocator<char> > const &,class sf::Rect<int> const &)" (?loadFromFile@Texture@sf@@QEAA_NAEBV?$basic_string@DU?$char_traits@D@std@@V?$allocator@D@2@@std@@AEBV?$Rect@H@2@@Z)
Floor.obj : error LNK2001: unresolved external symbol "public: bool __cdecl sf::Texture::loadFromFile(class std::basic_string<char,struct std::char_traits<char>,class std::allocator<char> > const &,class sf::Rect<int> const &)" (?loadFromFile@Texture@sf@@QEAA_NAEBV?$basic_string@DU?$char_traits@D@std@@V?$allocator@D@2@@std@@AEBV?$Rect@H@2@@Z)
Mario.obj : error LNK2001: unresolved external symbol "public: bool __cdecl sf::Texture::loadFromFile(class std::basic_string<char,struct std::char_traits<char>,class std::allocator<char> > const &,class sf::Rect<int> const &)" (?loadFromFile@Texture@sf@@QEAA_NAEBV?$basic_string@DU?$char_traits@D@std@@V?$allocator@D@2@@std@@AEBV?$Rect@H@2@@Z)
Pipe.obj : error LNK2001: unresolved external symbol "public: bool __cdecl sf::Texture::loadFromFile(class std::basic_string<char,struct std::char_traits<char>,class std::allocator<char> > const &,class sf::Rect<int> const &)" (?loadFromFile@Texture@sf@@QEAA_NAEBV?$basic_string@DU?$char_traits@D@std@@V?$allocator@D@2@@std@@AEBV?$Rect@H@2@@Z)
Pipe.obj : error LNK2019: unresolved external symbol "public: __cdecl sf::Sprite::Sprite(void)" (??0Sprite@sf@@QEAA@XZ) referenced in function "public: __cdecl Object::Object(void)" (??0Object@@QEAA@XZ)
Spipe.obj : error LNK2001: unresolved external symbol "public: __cdecl sf::Sprite::Sprite(void)" (??0Sprite@sf@@QEAA@XZ)
Turtle.obj : error LNK2001: unresolved external symbol "public: __cdecl sf::Sprite::Sprite(void)" (??0Sprite@sf@@QEAA@XZ)
Brick.obj : error LNK2001: unresolved external symbol "public: __cdecl sf::Sprite::Sprite(void)" (??0Sprite@sf@@QEAA@XZ)
Floor.obj : error LNK2001: unresolved external symbol "public: __cdecl sf::Sprite::Sprite(void)" (??0Sprite@sf@@QEAA@XZ)
Game.obj : error LNK2001: unresolved external symbol "public: __cdecl sf::Sprite::Sprite(void)" (??0Sprite@sf@@QEAA@XZ)
Mario.obj : error LNK2001: unresolved external symbol "public: __cdecl sf::Sprite::Sprite(void)" (??0Sprite@sf@@QEAA@XZ)
Spipe.obj : error LNK2019: unresolved external symbol "public: void __cdecl sf::Sprite::setTexture(class sf::Texture const &,bool)" (?setTexture@Sprite@sf@@QEAAXAEBVTexture@2@_N@Z) referenced in function "public: __cdecl Spipe::Spipe(void)" (??0Spipe@@QEAA@XZ)
Turtle.obj : error LNK2001: unresolved external symbol "public: void __cdecl sf::Sprite::setTexture(class sf::Texture const &,bool)" (?setTexture@Sprite@sf@@QEAAXAEBVTexture@2@_N@Z)
Brick.obj : error LNK2001: unresolved external symbol "public: void __cdecl sf::Sprite::setTexture(class sf::Texture const &,bool)" (?setTexture@Sprite@sf@@QEAAXAEBVTexture@2@_N@Z)
Floor.obj : error LNK2001: unresolved external symbol "public: void __cdecl sf::Sprite::setTexture(class sf::Texture const &,bool)" (?setTexture@Sprite@sf@@QEAAXAEBVTexture@2@_N@Z)
Mario.obj : error LNK2001: unresolved external symbol "public: void __cdecl sf::Sprite::setTexture(class sf::Texture const &,bool)" (?setTexture@Sprite@sf@@QEAAXAEBVTexture@2@_N@Z)
Pipe.obj : error LNK2001: unresolved external symbol "public: void __cdecl sf::Sprite::setTexture(class sf::Texture const &,bool)" (?setTexture@Sprite@sf@@QEAAXAEBVTexture@2@_N@Z)
Floor.obj : error LNK2019: unresolved external symbol "public: void __cdecl sf::Texture::setRepeated(bool)" (?setRepeated@Texture@sf@@QEAAX_N@Z) referenced in function "public: __cdecl Floor::Floor(void)" (??0Floor@@QEAA@XZ)
Floor.obj : error LNK2019: unresolved external symbol "public: void __cdecl sf::Sprite::setTextureRect(class sf::Rect<int> const &)" (?setTextureRect@Sprite@sf@@QEAAXAEBV?$Rect@H@2@@Z) referenced in function "public: __cdecl Floor::Floor(void)" (??0Floor@@QEAA@XZ)
Game.obj : error LNK2019: unresolved external symbol "class sf::Time __cdecl sf::milliseconds(int)" (?milliseconds@sf@@YA?AVTime@1@H@Z) referenced in function "public: void __cdecl Game::update(void)" (?update@Game@@QEAAXXZ)
Game.obj : error LNK2019: unresolved external symbol "void __cdecl sf::sleep(class sf::Time)" (?sleep@sf@@YAXVTime@1@@Z) referenced in function "public: void __cdecl Game::update(void)" (?update@Game@@QEAAXXZ)
Game.obj : error LNK2019: unresolved external symbol "public: __cdecl sf::String::String(char const *,class std::locale const &)" (??0String@sf@@QEAA@PEBDAEBVlocale@std@@@Z) referenced in function "public: __cdecl Game::Game(void)" (??0Game@@QEAA@XZ)
GameOver.obj : error LNK2001: unresolved external symbol "public: __cdecl sf::String::String(char const *,class std::locale const &)" (??0String@sf@@QEAA@PEBDAEBVlocale@std@@@Z)
Game.obj : error LNK2019: unresolved external symbol "public: static bool __cdecl sf::Keyboard::isKeyPressed(enum sf::Keyboard::Key)" (?isKeyPressed@Keyboard@sf@@SA_NW4Key@12@@Z) referenced in function "public: void __cdecl Game::update(void)" (?update@Game@@QEAAXXZ)
Game.obj : error LNK2019: unresolved external symbol "public: __cdecl sf::VideoMode::VideoMode(unsigned int,unsigned int,unsigned int)" (??0VideoMode@sf@@QEAA@III@Z) referenced in function "public: __cdecl Game::Game(void)" (??0Game@@QEAA@XZ)
Game.obj : error LNK2019: unresolved external symbol "public: void __cdecl sf::Window::close(void)" (?close@Window@sf@@QEAAXXZ) referenced in function "public: void __cdecl Game::update(void)" (?update@Game@@QEAAXXZ)
Game.obj : error LNK2019: unresolved external symbol "public: bool __cdecl sf::Window::isOpen(void)const " (?isOpen@Window@sf@@QEBA_NXZ) referenced in function "public: void __cdecl Game::update(void)" (?update@Game@@QEAAXXZ)
Game.obj : error LNK2019: unresolved external symbol "public: bool __cdecl sf::Window::pollEvent(class sf::Event &)" (?pollEvent@Window@sf@@QEAA_NAEAVEvent@2@@Z) referenced in function "public: void __cdecl Game::update(void)" (?update@Game@@QEAAXXZ)
Game.obj : error LNK2019: unresolved external symbol "public: void __cdecl sf::Window::display(void)" (?display@Window@sf@@QEAAXXZ) referenced in function "public: void __cdecl Game::update(void)" (?update@Game@@QEAAXXZ)
Game.obj : error LNK2019: unresolved external symbol "public: void __cdecl sf::Transformable::setPosition(class sf::Vector2<float> const &)" (?setPosition@Transformable@sf@@QEAAXAEBV?$Vector2@M@2@@Z) referenced in function "public: void __cdecl Game::setPosition(class sf::Vector2<float>)" (?setPosition@Game@@QEAAXV?$Vector2@M@sf@@@Z)
Mario.obj : error LNK2001: unresolved external symbol "public: void __cdecl sf::Transformable::setPosition(class sf::Vector2<float> const &)" (?setPosition@Transformable@sf@@QEAAXAEBV?$Vector2@M@2@@Z)
Object.obj : error LNK2001: unresolved external symbol "public: void __cdecl sf::Transformable::setPosition(class sf::Vector2<float> const &)" (?setPosition@Transformable@sf@@QEAAXAEBV?$Vector2@M@2@@Z)
Turtle.obj : error LNK2001: unresolved external symbol "public: void __cdecl sf::Transformable::setPosition(class sf::Vector2<float> const &)" (?setPosition@Transformable@sf@@QEAAXAEBV?$Vector2@M@2@@Z)
Game.obj : error LNK2019: unresolved external symbol "public: __cdecl sf::Color::Color(unsigned char,unsigned char,unsigned char,unsigned char)" (??0Color@sf@@QEAA@EEEE@Z) referenced in function "public: void __cdecl Game::update(void)" (?update@Game@@QEAAXXZ)
Game.obj : error LNK2019: unresolved external symbol "public: __cdecl sf::Font::~Font(void)" (??1Font@sf@@QEAA@XZ) referenced in function "public: __cdecl GameOver::~GameOver(void)" (??1GameOver@@QEAA@XZ)
GameOver.obj : error LNK2001: unresolved external symbol "public: __cdecl sf::Font::~Font(void)" (??1Font@sf@@QEAA@XZ)
ScoreBoard.obj : error LNK2001: unresolved external symbol "public: __cdecl sf::Font::~Font(void)" (??1Font@sf@@QEAA@XZ)
Game.obj : error LNK2019: unresolved external symbol "public: void __cdecl sf::RenderTarget::clear(class sf::Color const &)" (?clear@RenderTarget@sf@@QEAAXAEBVColor@2@@Z) referenced in function "public: void __cdecl Game::update(void)" (?update@Game@@QEAAXXZ)
Game.obj : error LNK2019: unresolved external symbol "public: __cdecl sf::RenderWindow::RenderWindow(class sf::VideoMode,class sf::String const &,unsigned int,struct sf::ContextSettings const &)" (??0RenderWindow@sf@@QEAA@VVideoMode@1@AEBVString@1@IAEBUContextSettings@1@@Z) referenced in function "public: __cdecl Game::Game(void)" (??0Game@@QEAA@XZ)
Game.obj : error LNK2019: unresolved external symbol "public: class sf::Rect<float> __cdecl sf::Sprite::getGlobalBounds(void)const " (?getGlobalBounds@Sprite@sf@@QEBA?AV?$Rect@M@2@XZ) referenced in function "public: bool __cdecl Game::collidesWith(class Object *)" (?collidesWith@Game@@QEAA_NPEAVObject@@@Z)
Object.obj : error LNK2001: unresolved external symbol "public: class sf::Rect<float> __cdecl sf::Sprite::getGlobalBounds(void)const " (?getGlobalBounds@Sprite@sf@@QEBA?AV?$Rect@M@2@XZ)
GameOver.obj : error LNK2019: unresolved external symbol "public: void __cdecl sf::Transformable::setPosition(float,float)" (?setPosition@Transformable@sf@@QEAAXMM@Z) referenced in function "public: __cdecl GameOver::GameOver(void)" (??0GameOver@@QEAA@XZ)
Mario.obj : error LNK2001: unresolved external symbol "public: void __cdecl sf::Transformable::setPosition(float,float)" (?setPosition@Transformable@sf@@QEAAXMM@Z)
ScoreBoard.obj : error LNK2001: unresolved external symbol "public: void __cdecl sf::Transformable::setPosition(float,float)" (?setPosition@Transformable@sf@@QEAAXMM@Z)
Turtle.obj : error LNK2001: unresolved external symbol "public: void __cdecl sf::Transformable::setPosition(float,float)" (?setPosition@Transformable@sf@@QEAAXMM@Z)
GameOver.obj : error LNK2019: unresolved external symbol "public: __cdecl sf::Font::Font(void)" (??0Font@sf@@QEAA@XZ) referenced in function "public: __cdecl GameOver::GameOver(void)" (??0GameOver@@QEAA@XZ)
ScoreBoard.obj : error LNK2001: unresolved external symbol "public: __cdecl sf::Font::Font(void)" (??0Font@sf@@QEAA@XZ)
GameOver.obj : error LNK2019: unresolved external symbol "public: bool __cdecl sf::Font::loadFromFile(class std::basic_string<char,struct std::char_traits<char>,class std::allocator<char> > const &)" (?loadFromFile@Font@sf@@QEAA_NAEBV?$basic_string@DU?$char_traits@D@std@@V?$allocator@D@2@@std@@@Z) referenced in function "public: __cdecl GameOver::GameOver(void)" (??0GameOver@@QEAA@XZ)
ScoreBoard.obj : error LNK2001: unresolved external symbol "public: bool __cdecl sf::Font::loadFromFile(class std::basic_string<char,struct std::char_traits<char>,class std::allocator<char> > const &)" (?loadFromFile@Font@sf@@QEAA_NAEBV?$basic_string@DU?$char_traits@D@std@@V?$allocator@D@2@@std@@@Z)
GameOver.obj : error LNK2019: unresolved external symbol "public: void __cdecl sf::RenderTarget::draw(class sf::Drawable const &,class sf::RenderStates const &)" (?draw@RenderTarget@sf@@QEAAXAEBVDrawable@2@AEBVRenderStates@2@@Z) referenced in function "public: void __cdecl GameOver::draw(class sf::RenderWindow *)" (?draw@GameOver@@QEAAXPEAVRenderWindow@sf@@@Z)
Object.obj : error LNK2001: unresolved external symbol "public: void __cdecl sf::RenderTarget::draw(class sf::Drawable const &,class sf::RenderStates const &)" (?draw@RenderTarget@sf@@QEAAXAEBVDrawable@2@AEBVRenderStates@2@@Z)
ScoreBoard.obj : error LNK2001: unresolved external symbol "public: void __cdecl sf::RenderTarget::draw(class sf::Drawable const &,class sf::RenderStates const &)" (?draw@RenderTarget@sf@@QEAAXAEBVDrawable@2@AEBVRenderStates@2@@Z)
Turtle.obj : error LNK2001: unresolved external symbol "public: void __cdecl sf::RenderTarget::draw(class sf::Drawable const &,class sf::RenderStates const &)" (?draw@RenderTarget@sf@@QEAAXAEBVDrawable@2@AEBVRenderStates@2@@Z)
GameOver.obj : error LNK2019: unresolved external symbol "public: __cdecl sf::Text::Text(void)" (??0Text@sf@@QEAA@XZ) referenced in function "public: __cdecl GameOver::GameOver(void)" (??0GameOver@@QEAA@XZ)
ScoreBoard.obj : error LNK2001: unresolved external symbol "public: __cdecl sf::Text::Text(void)" (??0Text@sf@@QEAA@XZ)
GameOver.obj : error LNK2019: unresolved external symbol "public: void __cdecl sf::Text::setString(class sf::String const &)" (?setString@Text@sf@@QEAAXAEBVString@2@@Z) referenced in function "public: __cdecl GameOver::GameOver(void)" (??0GameOver@@QEAA@XZ)
ScoreBoard.obj : error LNK2001: unresolved external symbol "public: void __cdecl sf::Text::setString(class sf::String const &)" (?setString@Text@sf@@QEAAXAEBVString@2@@Z)
GameOver.obj : error LNK2019: unresolved external symbol "public: void __cdecl sf::Text::setFont(class sf::Font const &)" (?setFont@Text@sf@@QEAAXAEBVFont@2@@Z) referenced in function "public: __cdecl GameOver::GameOver(void)" (??0GameOver@@QEAA@XZ)
ScoreBoard.obj : error LNK2001: unresolved external symbol "public: void __cdecl sf::Text::setFont(class sf::Font const &)" (?setFont@Text@sf@@QEAAXAEBVFont@2@@Z)
GameOver.obj : error LNK2019: unresolved external symbol "public: void __cdecl sf::Text::setCharacterSize(unsigned int)" (?setCharacterSize@Text@sf@@QEAAXI@Z) referenced in function "public: __cdecl GameOver::GameOver(void)" (??0GameOver@@QEAA@XZ)
ScoreBoard.obj : error LNK2001: unresolved external symbol "public: void __cdecl sf::Text::setCharacterSize(unsigned int)" (?setCharacterSize@Text@sf@@QEAAXI@Z)
GameOver.obj : error LNK2019: unresolved external symbol "public: void __cdecl sf::Text::setFillColor(class sf::Color const &)" (?setFillColor@Text@sf@@QEAAXAEBVColor@2@@Z) referenced in function "public: __cdecl GameOver::GameOver(void)" (??0GameOver@@QEAA@XZ)
ScoreBoard.obj : error LNK2001: unresolved external symbol "public: void __cdecl sf::Text::setFillColor(class sf::Color const &)" (?setFillColor@Text@sf@@QEAAXAEBVColor@2@@Z)
GameOver.obj : error LNK2001: unresolved external symbol "public: static class sf::RenderStates const sf::RenderStates::Default" (?Default@RenderStates@sf@@2V12@B)
Object.obj : error LNK2001: unresolved external symbol "public: static class sf::RenderStates const sf::RenderStates::Default" (?Default@RenderStates@sf@@2V12@B)
ScoreBoard.obj : error LNK2001: unresolved external symbol "public: static class sf::RenderStates const sf::RenderStates::Default" (?Default@RenderStates@sf@@2V12@B)
Turtle.obj : error LNK2001: unresolved external symbol "public: static class sf::RenderStates const sf::RenderStates::Default" (?Default@RenderStates@sf@@2V12@B)
GameOver.obj : error LNK2001: unresolved external symbol "public: static class sf::Color const sf::Color::Red" (?Red@Color@sf@@2V12@B)
Mario.obj : error LNK2019: unresolved external symbol "public: class sf::Vector2<float> const & __cdecl sf::Transformable::getPosition(void)const " (?getPosition@Transformable@sf@@QEBAAEBV?$Vector2@M@2@XZ) referenced in function "public: virtual void __cdecl Mario::jump(bool)" (?jump@Mario@@UEAAX_N@Z)
Object.obj : error LNK2001: unresolved external symbol "public: class sf::Vector2<float> const & __cdecl sf::Transformable::getPosition(void)const " (?getPosition@Transformable@sf@@QEBAAEBV?$Vector2@M@2@XZ)
Turtle.obj : error LNK2001: unresolved external symbol "public: class sf::Vector2<float> const & __cdecl sf::Transformable::getPosition(void)const " (?getPosition@Transformable@sf@@QEBAAEBV?$Vector2@M@2@XZ)
Mario.obj : error LNK2019: unresolved external symbol "public: void __cdecl sf::Transformable::move(class sf::Vector2<float> const &)" (?move@Transformable@sf@@QEAAXAEBV?$Vector2@M@2@@Z) referenced in function "public: void __cdecl Mario::move(enum Mario::MoveDirection)" (?move@Mario@@QEAAXW4MoveDirection@1@@Z)
Turtle.obj : error LNK2001: unresolved external symbol "public: void __cdecl sf::Transformable::move(class sf::Vector2<float> const &)" (?move@Transformable@sf@@QEAAXAEBV?$Vector2@M@2@@Z)
Object.obj : error LNK2019: unresolved external symbol "public: void __cdecl sf::Transformable::setRotation(float)" (?setRotation@Transformable@sf@@QEAAXM@Z) referenced in function "public: void __cdecl Object::flip(float)" (?flip@Object@@QEAAXM@Z)
Object.obj : error LNK2019: unresolved external symbol "public: float __cdecl sf::Transformable::getRotation(void)const " (?getRotation@Transformable@sf@@QEBAMXZ) referenced in function "public: void __cdecl Object::flip(float)" (?flip@Object@@QEAAXM@Z)
Object.obj : error LNK2019: unresolved external symbol "public: void __cdecl sf::Transformable::rotate(float)" (?rotate@Transformable@sf@@QEAAXM@Z) referenced in function "public: void __cdecl Object::flip(float)" (?flip@Object@@QEAAXM@Z)
ScoreBoard.obj : error LNK2019: unresolved external symbol "public: __cdecl sf::String::String(class std::basic_string<char,struct std::char_traits<char>,class std::allocator<char> > const &,class std::locale const &)" (??0String@sf@@QEAA@AEBV?$basic_string@DU?$char_traits@D@std@@V?$allocator@D@2@@std@@AEBVlocale@3@@Z) referenced in function "public: void __cdecl ScoreBoard::draw(class sf::RenderWindow *)" (?draw@ScoreBoard@@QEAAXPEAVRenderWindow@sf@@@Z)
ScoreBoard.obj : error LNK2001: unresolved external symbol "public: static class sf::Color const sf::Color::White" (?White@Color@sf@@2V12@B)
C:\Users\Tahsin\Desktop\ehb354_project\Mario_V3\\SFML-2.5.1\lib\sfml-main-d.lib : warning LNK4272: library machine type 'x86' conflicts with target machine type 'x64'
C:\Users\Tahsin\Desktop\ehb354_project\Mario_V3\\SFML-2.5.1\lib\sfml-graphics-d.lib : warning LNK4272: library machine type 'x86' conflicts with target machine type 'x64'
C:\Users\Tahsin\Desktop\ehb354_project\Mario_V3\\SFML-2.5.1\lib\sfml-window-d.lib : warning LNK4272: library machine type 'x86' conflicts with target machine type 'x64'
C:\Users\Tahsin\Desktop\ehb354_project\Mario_V3\\SFML-2.5.1\lib\sfml-system-d.lib : warning LNK4272: library machine type 'x86' conflicts with target machine type 'x64'
C:\Users\Tahsin\Desktop\ehb354_project\Mario_V3\x64\Debug\Mario.exe : fatal error LNK1120: 41 unresolved externals
